<?xml version="1.0" encoding="UTF-8"?>
<!-- Generated by org.testng.reporters.JUnitXMLReporter -->
<testsuite hostname="DPCD-7J8G622" ignored="2" name="Scenarios" tests="2" failures="0" timestamp="15 Oct 2018 08:18:45 GMT" time="87.1" errors="0">
  <testcase name="DeskPackEssentialsDownloadForWindows" time="32.5" classname="com.pack.common.tests.DownloadsTest"/>
  <testcase name="DeskPackEssentialsDownload" time="37.198" classname="com.pack.common.tests.DownloadsTest"/>
  <testcase name="CapePackDownload" time="0.0" classname="com.pack.common.tests.DownloadsTest">
    <ignored/>
  </testcase> <!-- CapePackDownload -->
  <testcase name="CapePackDownloadwithNewuser" time="0.0" classname="com.pack.common.tests.DownloadsTest">
    <ignored/>
  </testcase> <!-- CapePackDownloadwithNewuser -->
</testsuite> <!-- Scenarios -->
