<?xml version="1.0" encoding="UTF-8"?>
<!-- Generated by org.testng.reporters.JUnitXMLReporter -->
<testsuite hostname="DPCD-7J8G622" ignored="3" name="Scenarios" tests="88" failures="0" timestamp="02 Nov 2018 11:45:19 GMT" time="5572.911" errors="0">
  <testcase name="Kongsbergbitsoverviewpage" time="8.457" classname="com.pack.common.tests.KongsbergbitsTest"/>
  <testcase name="knifebladeseSubcategory" time="4.838" classname="com.pack.common.tests.KongsbergbitsTest"/>
  <testcase name="productlistpage" time="4.869" classname="com.pack.common.tests.KongsbergbitsTest"/>
  <testcase name="Showrequirements" time="6.289" classname="com.pack.common.tests.KongsbergbitsTest"/>
  <testcase name="Showproductdetails" time="3.255" classname="com.pack.common.tests.KongsbergbitsTest"/>
  <testcase name="Searchproductwithproductcode" time="5.332" classname="com.pack.common.tests.KongsbergbitsTest"/>
  <testcase name="Searchproductwithproductname" time="6.136" classname="com.pack.common.tests.KongsbergbitsTest"/>
  <testcase name="Compare2products" time="9.226" classname="com.pack.common.tests.KongsbergbitsTest"/>
  <testcase name="DeskPackEssentialsDownloadForWindows" time="28.327" classname="com.pack.common.tests.DownloadsTest"/>
  <testcase name="DeskPackEssentialsDownload" time="35.073" classname="com.pack.common.tests.DownloadsTest"/>
  <testcase name="OrderwithYYproduct" time="160.969" classname="com.pack.common.tests.SubscriptionCheckoutPageTest"/>
  <testcase name="OrderwithYMproduct" time="126.675" classname="com.pack.common.tests.SubscriptionCheckoutPageTest"/>
  <testcase name="OrderwithMMproduct" time="168.963" classname="com.pack.common.tests.SubscriptionCheckoutPageTest"/>
  <testcase name="OrderwithNewuser" time="129.791" classname="com.pack.common.tests.SubscriptionCheckoutPageTest"/>
  <testcase name="licenseemailwithCCforEMEA" time="170.154" classname="com.pack.common.tests.SubscriptionCheckoutPageTest"/>
  <testcase name="orderlicenseemailwithcreditcardpaymentforUS" time="174.932" classname="com.pack.common.tests.SubscriptionCheckoutPageTest"/>
  <testcase name="licenseemailwithInvoiceforEMEA" time="122.126" classname="com.pack.common.tests.SubscriptionCheckoutPageTest"/>
  <testcase name="licenseemailwithInvoiceforUS" time="121.984" classname="com.pack.common.tests.SubscriptionCheckoutPageTest"/>
  <testcase name="CDIconsumablesoverviewpage" time="10.547" classname="com.pack.common.tests.CDIconsumablesTest"/>
  <testcase name="RegistereduserKBprodcuctbuywithInvoice" time="125.357" classname="com.pack.common.tests.LegacyKBCheckoutPageTest"/>
  <testcase name="RegistereduserKBprodcuctbuywithNewCreditcard" time="149.323" classname="com.pack.common.tests.LegacyKBCheckoutPageTest"/>
  <testcase name="RegistereduserKBprodcuctbuywithExistingCreditcard" time="172.132" classname="com.pack.common.tests.LegacyKBCheckoutPageTest"/>
  <testcase name="RegistereduserKBprodcuctbuywithPaypal" time="215.17" classname="com.pack.common.tests.LegacyKBCheckoutPageTest"/>
  <testcase name="Buyunderlayasresellerfromselectcustomeroption" time="93.243" classname="com.pack.common.tests.LegacyKBCheckoutPageTest"/>
  <testcase name="Buyunderlayasresellerfromselecttableoption" time="87.979" classname="com.pack.common.tests.LegacyKBCheckoutPageTest"/>
  <testcase name="Buyunderlayasresellerfromseealloption" time="100.073" classname="com.pack.common.tests.LegacyKBCheckoutPageTest"/>
  <testcase name="Buyunderlaywithinvalidserialnumber" time="58.452" classname="com.pack.common.tests.LegacyKBCheckoutPageTest"/>
  <testcase name="RegistereduserKBprodcuctbuywithInvoice" time="117.53" classname="com.pack.common.tests.LegacyCDICheckoutPageTest"/>
  <testcase name="RegistereduserCDIprodcuctbuywithNewCreditcard" time="130.621" classname="com.pack.common.tests.LegacyCDICheckoutPageTest"/>
  <testcase name="RegistereduserCDIprodcuctbuywithExistingCreditcard" time="160.294" classname="com.pack.common.tests.LegacyCDICheckoutPageTest"/>
  <testcase name="RegistereduserCDIprodcuctbuywithPaypal" time="202.008" classname="com.pack.common.tests.LegacyCDICheckoutPageTest"/>
  <testcase name="Subscriptionstorepricesonoverviewcomponents" time="5.671" classname="com.pack.common.tests.SubscriptionStoreTest"/>
  <testcase name="Subscriptionstorepricesoncapepackcomponents" time="9.265" classname="com.pack.common.tests.SubscriptionStoreTest"/>
  <testcase name="Subscriptionstorepricesoncapepackessentialsvariants" time="12.809" classname="com.pack.common.tests.SubscriptionStoreTest"/>
  <testcase name="CheckoutwithnewcustomerwithnewMastercardpayment" time="47.093" classname="com.pack.common.tests.SubscriptionStoreTest"/>
  <testcase name="ConsultFAQpage" time="19.3" classname="com.pack.common.tests.SubscriptionStoreTest"/>
  <testcase name="Consultthestorefromsubscriptionsnotallowed" time="10.749" classname="com.pack.common.tests.SubscriptionStoreTest"/>
  <testcase name="Consultthestorefromcountrywherestorenotallowed" time="10.862" classname="com.pack.common.tests.SubscriptionStoreTest"/>
  <testcase name="Applyvalidpromotioncodewithpricereduction" time="60.715" classname="com.pack.common.tests.SubscriptionPromotioncodeCheckoutTest"/>
  <testcase name="Orderwithvalidpromotioncode" time="76.427" classname="com.pack.common.tests.SubscriptionPromotioncodeCheckoutTest"/>
  <testcase name="OrderwithInvalidpromotioncode" time="72.346" classname="com.pack.common.tests.SubscriptionPromotioncodeCheckoutTest"/>
  <testcase name="Addupsellproducttocart" time="126.69" classname="com.pack.common.tests.SubscriptionPromotioncodeCheckoutTest"/>
  <testcase name="Orderwithmultiplelineswithmultiplequantity" time="273.062" classname="com.pack.common.tests.SubscriptionPromotioncodeCheckoutTest"/>
  <testcase name="Paymenttermexceedsthepromotionduration" time="67.837" classname="com.pack.common.tests.SubscriptionPromotioncodeCheckoutTest"/>
  <testcase name="Allemailsverification" time="63.337" classname="com.pack.common.tests.AllEmailsTest"/>
  <testcase name="Allemailsverification" time="61.483" classname="com.pack.common.tests.AllEmailsTest"/>
  <testcase name="Allemailsverification" time="52.779" classname="com.pack.common.tests.AllEmailsTest"/>
  <testcase name="Allemailsverification" time="51.415" classname="com.pack.common.tests.AllEmailsTest"/>
  <testcase name="Allemailsverification" time="42.075" classname="com.pack.common.tests.AllEmailsTest"/>
  <testcase name="Allemailsverification" time="51.647" classname="com.pack.common.tests.AllEmailsTest"/>
  <testcase name="Allemailsverification" time="42.132" classname="com.pack.common.tests.AllEmailsTest"/>
  <testcase name="Allemailsverification" time="51.9" classname="com.pack.common.tests.AllEmailsTest"/>
  <testcase name="Allemailsverification" time="40.739" classname="com.pack.common.tests.AllEmailsTest"/>
  <testcase name="Allemailsverification" time="51.371" classname="com.pack.common.tests.AllEmailsTest"/>
  <testcase name="Allemailsverification" time="42.104" classname="com.pack.common.tests.AllEmailsTest"/>
  <testcase name="Allemailsverification" time="47.051" classname="com.pack.common.tests.AllEmailsTest"/>
  <testcase name="Allemailsverification" time="47.276" classname="com.pack.common.tests.AllEmailsTest"/>
  <testcase name="Allemailsverification" time="47.396" classname="com.pack.common.tests.AllEmailsTest"/>
  <testcase name="Allemailsverification" time="48.007" classname="com.pack.common.tests.AllEmailsTest"/>
  <testcase name="Allemailsverification" time="47.601" classname="com.pack.common.tests.AllEmailsTest"/>
  <testcase name="Allemailsverification" time="60.341" classname="com.pack.common.tests.AllEmailsTest"/>
  <testcase name="Allemailsverification" time="47.903" classname="com.pack.common.tests.AllEmailsTest"/>
  <testcase name="Allemailsverification" time="47.109" classname="com.pack.common.tests.AllEmailsTest"/>
  <testcase name="Allemailsverification" time="46.413" classname="com.pack.common.tests.AllEmailsTest"/>
  <testcase name="Allemailsverification" time="47.572" classname="com.pack.common.tests.AllEmailsTest"/>
  <testcase name="Allemailsverification" time="47.395" classname="com.pack.common.tests.AllEmailsTest"/>
  <testcase name="Allemailsverification" time="51.412" classname="com.pack.common.tests.AllEmailsTest"/>
  <testcase name="Allemailsverification" time="51.615" classname="com.pack.common.tests.AllEmailsTest"/>
  <testcase name="Allemailsverification" time="51.617" classname="com.pack.common.tests.AllEmailsTest"/>
  <testcase name="Allemailsverification" time="40.447" classname="com.pack.common.tests.AllEmailsTest"/>
  <testcase name="Supportsearchfordocumentation" time="19.593" classname="com.pack.common.tests.SupportsearchTest"/>
  <testcase name="Supportsearchopenpdfdocument" time="31.234" classname="com.pack.common.tests.SupportsearchTest"/>
  <testcase name="SupportsearchopenHtmldocument" time="38.561" classname="com.pack.common.tests.SupportsearchTest"/>
  <testcase name="Supportsearchwithtext" time="13.148" classname="com.pack.common.tests.SupportsearchTest"/>
  <testcase name="Supportsearchwithwildcards" time="13.235" classname="com.pack.common.tests.SupportsearchTest"/>
  <testcase name="Supportsearchwithminus" time="13.325" classname="com.pack.common.tests.SupportsearchTest"/>
  <testcase name="Supportsearchwithsourcefilters" time="50.099" classname="com.pack.common.tests.SupportsearchTest"/>
  <testcase name="Supportsearchwithproductfilters" time="15.112" classname="com.pack.common.tests.SupportsearchTest"/>
  <testcase name="SupportsearchopenKBdocument" time="55.836" classname="com.pack.common.tests.SupportsearchTest"/>
  <testcase name="Supportsearchopendocumentation" time="34.329" classname="com.pack.common.tests.SupportsearchTest"/>
  <testcase name="Generalsearch" time="14.482" classname="com.pack.common.tests.SupportsearchTest"/>
  <testcase name="Salescontacts" time="45.813" classname="com.pack.common.tests.SupportsearchTest"/>
  <testcase name="Newsoverview" time="11.22" classname="com.pack.common.tests.SupportsearchTest"/>
  <testcase name="Pressoverview" time="11.998" classname="com.pack.common.tests.SupportsearchTest"/>
  <testcase name="Testimonialoverview" time="13.664" classname="com.pack.common.tests.SupportsearchTest"/>
  <testcase name="Testimonialcountryfilter" time="26.372" classname="com.pack.common.tests.SupportsearchTest"/>
  <testcase name="Testimonialsolutionfilter" time="29.367" classname="com.pack.common.tests.SupportsearchTest"/>
  <testcase name="Testimonialproductfilter" time="29.429" classname="com.pack.common.tests.SupportsearchTest"/>
  <testcase name="CapePackDownload" time="0.0" classname="com.pack.common.tests.DownloadsTest">
    <ignored/>
  </testcase> <!-- CapePackDownload -->
  <testcase name="Supportsearchwithquotationmarks" time="0.0" classname="com.pack.common.tests.SupportsearchTest">
    <ignored/>
  </testcase> <!-- Supportsearchwithquotationmarks -->
  <testcase name="CapePackDownloadwithNewuser" time="0.0" classname="com.pack.common.tests.DownloadsTest">
    <ignored/>
  </testcase> <!-- CapePackDownloadwithNewuser -->
</testsuite> <!-- Scenarios -->
