<?xml version="1.0" encoding="UTF-8"?>
<!-- Generated by org.testng.reporters.JUnitXMLReporter -->
<testsuite ignored="0" hostname="LPCH-5CD7342X0S" failures="1" tests="10" name="Scenarios" time="1232.34" errors="0" timestamp="16 Nov 2022 10:52:10 GMT">
  <testcase classname="com.pack.common.tests.EPSMyAccountSubscriptionOrdermanagementTest" name="Subscriptionoverviewlist" time="100.478"/>
  <testcase classname="com.pack.common.tests.EPSMyAccountSubscriptionOrdermanagementTest" name="Includeexpiredlicenses" time="140.413"/>
  <testcase classname="com.pack.common.tests.EPSMyAccountSubscriptionOrdermanagementTest" name="Onlyshowunassignedlicenses" time="119.955"/>
  <testcase classname="com.pack.common.tests.EPSMyAccountSubscriptionOrdermanagementTest" name="Onlyshowlicensesassignedtospecificemailaddress" time="120.111"/>
  <testcase classname="com.pack.common.tests.EPSMyAccountSubscriptionOrdermanagementTest" name="OnlyshowlicensesassignedtospecificProjectreferencenumber" time="118.405"/>
  <testcase classname="com.pack.common.tests.EPSMyAccountSubscriptionOrdermanagementTest" name="Onlyshowlicenseslinkedtoordernumber" time="116.133"/>
  <testcase classname="com.pack.common.tests.EPSMyAccountSubscriptionOrdermanagementTest" name="Onlyshowlicensesofproductwithproductname" time="117.092"/>
  <testcase classname="com.pack.common.tests.EPSMyAccountSubscriptionOrdermanagementTest" name="Addprojectreferencenumberinurlandverifyfiltereddata" time="122.719"/>
  <testcase classname="com.pack.common.tests.EPSMyAccountSubscriptionOrdermanagementTest" name="Addordernumberinurlandverifyfiltereddata" time="119.97"/>
  <testcase classname="com.pack.common.tests.EPSMyAccountSubscriptionOrdermanagementTest" name="Cancellicense" time="136.486">
    <failure type="java.lang.AssertionError" message="Subscription not cancelled">
      <![CDATA[java.lang.AssertionError: Subscription not cancelled
at com.pack.common.pageobjects.EPSMyAccountSubscriptionOrdermanagementPage.Cancellicense(EPSMyAccountSubscriptionOrdermanagementPage.java:493)
at com.pack.common.tests.EPSMyAccountSubscriptionOrdermanagementTest.Cancellicense(EPSMyAccountSubscriptionOrdermanagementTest.java:144)
... Removed 27 stack frames]]>
    </failure>
  </testcase> <!-- Cancellicense -->
</testsuite> <!-- Scenarios -->
